Сборка начата 02.06.2014 13:33:09.
     1>Проект "C:\eigen_lib_for_ldpc\eigen_lib_for_ldpc\eigen_lib_for_ldpc.vcxproj" в узле 2 (целевые объекты build).
     1>InitializeBuildStatus:
         Создание "Debug\eigen_lib_for_ldpc.unsuccessfulbuild", так как было задано "AlwaysCreate".
       ClCompile:
         C:\Program Files\Microsoft Visual Studio 10.0\VC\bin\CL.exe /c /ZI /nologo /W3 /WX- /Od /Oy- /D _MBCS /Gm /EHsc /RTC1 /MDd /GS /fp:precise /Zc:wchar_t /Zc:forScope /Fo"Debug\\" /Fd"Debug\vc100.pdb" /Gd /TP /analyze- /errorReport:prompt my_ldpc_4__8.cpp
         my_ldpc_4__8.cpp
     1>cl : командная строка warning D9028: сбой минимального перестроения, возврат к обычному построению
       Link:
         C:\Program Files\Microsoft Visual Studio 10.0\VC\bin\link.exe /ERRORREPORT:PROMPT /OUT:"C:\eigen_lib_for_ldpc\Debug\eigen_lib_for_ldpc.exe" /NOLOGO kernel32.lib user32.lib gdi32.lib winspool.lib comdlg32.lib advapi32.lib shell32.lib ole32.lib oleaut32.lib uuid.lib odbc32.lib odbccp32.lib /MANIFEST /ManifestFile:"Debug\eigen_lib_for_ldpc.exe.intermediate.manifest" /MANIFESTUAC:"level='asInvoker' uiAccess='false'" /DEBUG /PDB:"C:\eigen_lib_for_ldpc\Debug\eigen_lib_for_ldpc.pdb" /TLBID:1 /DYNAMICBASE /NXCOMPAT /IMPLIB:"C:\eigen_lib_for_ldpc\Debug\eigen_lib_for_ldpc.lib" /MACHINE:X86 Debug\my_ldpc_4__8.obj
         LINK : не найден или не выполнена сборка C:\eigen_lib_for_ldpc\Debug\eigen_lib_for_ldpc.exe при последней инкрементной компоновке; выполняется полная компоновка
         eigen_lib_for_ldpc.vcxproj -> C:\eigen_lib_for_ldpc\Debug\eigen_lib_for_ldpc.exe
       Manifest:
         C:\Program Files\Microsoft SDKs\Windows\v7.0A\bin\mt.exe /nologo /verbose /outputresource:"C:\eigen_lib_for_ldpc\Debug\eigen_lib_for_ldpc.exe;#1" /manifest Debug\eigen_lib_for_ldpc.exe.intermediate.manifest
       FinalizeBuildStatus:
         Файл "Debug\eigen_lib_for_ldpc.unsuccessfulbuild" удаляется.
         Обращение к "Debug\eigen_lib_for_ldpc.lastbuildstate".
     1>Построение проекта "C:\eigen_lib_for_ldpc\eigen_lib_for_ldpc\eigen_lib_for_ldpc.vcxproj" завершено (целевые объекты build).

Построение успешно завершено.

Затраченное время: 00:00:02.29
